<?xml version="1.0" encoding="UTF-8"?>
<!-- Generated by org.testng.reporters.JUnitXMLReporter -->
<testsuite hostname="SHWETA" ignored="0" name="Test" tests="8" failures="1" timestamp="24 Jan 2020 15:11:56 GMT" time="0.089" errors="0">
  <testcase name="test1" time="0.006" classname="com.testing.Testing1">
    <skipped/>
  </testcase> <!-- test1 -->
  <testcase name="test2" time="0.002" classname="com.testing.Testing1"/>
  <testcase name="test3" time="0.001" classname="com.testing.Testing1"/>
  <testcase name="test4" time="0.004" classname="com.testing.Testing2"/>
  <testcase name="test5" time="0.002" classname="com.testing.Testing2"/>
  <testcase name="homeTest" time="0.005" classname="com.testing.Testing3"/>
  <testcase name="mainTest" time="0.003" classname="com.testing.Testing3">
    <failure type="java.lang.AssertionError" message="The following asserts failed:
	Verifying Element expected [true] but found [false]">
      <![CDATA[java.lang.AssertionError: The following asserts failed:
Verifying Element expected [true] but found [false]
at com.testing.Testing3.mainTest(Testing3.java:29)
... Removed 26 stack frames]]>
    </failure>
  </testcase> <!-- mainTest -->
  <testcase name="endTest" time="0.0" classname="com.testing.Testing3">
    <skipped/>
  </testcase> <!-- endTest -->
</testsuite> <!-- Test -->
